  list to-do.cpp
C:\Users\admin\Desktop\List-to-do-main\Struct\list to-do\list to-do\func.h(45,26): error C2676: бинарный "==": "std::string" не определяет этот оператор или преобразование к типу приемлемо к встроенному оператору
C:\Program Files\Microsoft Visual Studio\2022\Community\VC\Tools\MSVC\14.35.32215\include\memory(3483,17): message : может быть "bool std::operator ==(std::nullptr_t,const std::unique_ptr<_Ty,_Dx> &) noexcept"
C:\Users\admin\Desktop\List-to-do-main\Struct\list to-do\list to-do\func.h(45,19): message : 'bool std::operator ==(std::nullptr_t,const std::unique_ptr<_Ty,_Dx> &) noexcept': не удалось вывести аргумент шаблон для 'const std::unique_ptr<_Ty,_Dx> &' из 'int'
C:\Program Files\Microsoft Visual Studio\2022\Community\VC\Tools\MSVC\14.35.32215\include\memory(3477,30): message : или       "bool std::operator ==(const std::unique_ptr<_Ty,_Dx> &,std::nullptr_t) noexcept"
C:\Users\admin\Desktop\List-to-do-main\Struct\list to-do\list to-do\func.h(45,19): message : 'bool std::operator ==(const std::unique_ptr<_Ty,_Dx> &,std::nullptr_t) noexcept': не удалось вывести аргумент шаблон для 'const std::unique_ptr<_Ty,_Dx> &' из 'std::string'
C:\Program Files\Microsoft Visual Studio\2022\Community\VC\Tools\MSVC\14.35.32215\include\memory(3429,30): message : или       "bool std::operator ==(const std::unique_ptr<_Ty,_Dx> &,const std::unique_ptr<_Ty2,_Dx2> &)"
C:\Users\admin\Desktop\List-to-do-main\Struct\list to-do\list to-do\func.h(45,19): message : 'bool std::operator ==(const std::unique_ptr<_Ty,_Dx> &,const std::unique_ptr<_Ty2,_Dx2> &)': не удалось вывести аргумент шаблон для 'const std::unique_ptr<_Ty,_Dx> &' из 'std::string'
C:\Program Files\Microsoft Visual Studio\2022\Community\VC\Tools\MSVC\14.35.32215\include\memory(1819,17): message : или       "bool std::operator ==(std::nullptr_t,const std::shared_ptr<_Ty> &) noexcept"
C:\Users\admin\Desktop\List-to-do-main\Struct\list to-do\list to-do\func.h(45,19): message : 'bool std::operator ==(std::nullptr_t,const std::shared_ptr<_Ty> &) noexcept': не удалось вывести аргумент шаблон для 'const std::shared_ptr<_Ty> &' из 'int'
C:\Program Files\Microsoft Visual Studio\2022\Community\VC\Tools\MSVC\14.35.32215\include\memory(1808,17): message : или       "bool std::operator ==(const std::shared_ptr<_Ty> &,std::nullptr_t) noexcept"
C:\Users\admin\Desktop\List-to-do-main\Struct\list to-do\list to-do\func.h(45,19): message : 'bool std::operator ==(const std::shared_ptr<_Ty> &,std::nullptr_t) noexcept': не удалось вывести аргумент шаблон для 'const std::shared_ptr<_Ty> &' из 'std::string'
C:\Program Files\Microsoft Visual Studio\2022\Community\VC\Tools\MSVC\14.35.32215\include\memory(1771,17): message : или       "bool std::operator ==(const std::shared_ptr<_Ty> &,const std::shared_ptr<_Ty0> &) noexcept"
C:\Users\admin\Desktop\List-to-do-main\Struct\list to-do\list to-do\func.h(45,19): message : 'bool std::operator ==(const std::shared_ptr<_Ty> &,const std::shared_ptr<_Ty0> &) noexcept': не удалось вывести аргумент шаблон для 'const std::shared_ptr<_Ty> &' из 'std::string'
C:\Program Files\Microsoft Visual Studio\2022\Community\VC\Tools\MSVC\14.35.32215\include\xstring(5215,17): message : или       "bool std::operator ==(const _Elem *const ,const std::basic_string<_Elem,_Traits,_Alloc> &)"
C:\Users\admin\Desktop\List-to-do-main\Struct\list to-do\list to-do\func.h(45,19): message : 'bool std::operator ==(const _Elem *const ,const std::basic_string<_Elem,_Traits,_Alloc> &)': не удалось вывести аргумент шаблон для 'const _Elem *const ' из 'std::string'
C:\Program Files\Microsoft Visual Studio\2022\Community\VC\Tools\MSVC\14.35.32215\include\xstring(5196,30): message : или       "bool std::operator ==(const std::basic_string<_Elem,_Traits,_Alloc> &,const _Elem *const )"
C:\Users\admin\Desktop\List-to-do-main\Struct\list to-do\list to-do\func.h(45,19): message : 'bool std::operator ==(const std::basic_string<_Elem,_Traits,_Alloc> &,const _Elem *const )': не удалось вывести аргумент шаблон для 'const _Elem *const ' из 'int'
C:\Program Files\Microsoft Visual Studio\2022\Community\VC\Tools\MSVC\14.35.32215\include\xstring(5190,30): message : или       "bool std::operator ==(const std::basic_string<_Elem,_Traits,_Alloc> &,const std::basic_string<_Elem,_Traits,_Alloc> &) noexcept"
C:\Users\admin\Desktop\List-to-do-main\Struct\list to-do\list to-do\func.h(45,19): message : 'bool std::operator ==(const std::basic_string<_Elem,_Traits,_Alloc> &,const std::basic_string<_Elem,_Traits,_Alloc> &) noexcept': не удалось вывести аргумент шаблон для 'const std::basic_string<_Elem,_Traits,_Alloc> &' из 'int'
C:\Program Files\Microsoft Visual Studio\2022\Community\VC\Tools\MSVC\14.35.32215\include\xmemory(894,30): message : или       "bool std::operator ==(const std::allocator<_Ty> &,const std::allocator<_Other> &) noexcept"
C:\Users\admin\Desktop\List-to-do-main\Struct\list to-do\list to-do\func.h(45,19): message : 'bool std::operator ==(const std::allocator<_Ty> &,const std::allocator<_Other> &) noexcept': не удалось вывести аргумент шаблон для 'const std::allocator<_Ty> &' из 'std::string'
C:\Program Files\Microsoft Visual Studio\2022\Community\VC\Tools\MSVC\14.35.32215\include\iterator(489,17): message : или       "bool std::operator ==(const std::istreambuf_iterator<_Elem,_Traits> &,const std::istreambuf_iterator<_Elem,_Traits> &)"
C:\Users\admin\Desktop\List-to-do-main\Struct\list to-do\list to-do\func.h(45,19): message : 'bool std::operator ==(const std::istreambuf_iterator<_Elem,_Traits> &,const std::istreambuf_iterator<_Elem,_Traits> &)': не удалось вывести аргумент шаблон для 'const std::istreambuf_iterator<_Elem,_Traits> &' из 'std::string'
C:\Program Files\Microsoft Visual Studio\2022\Community\VC\Tools\MSVC\14.35.32215\include\iterator(307,17): message : или       "bool std::operator ==(const std::istream_iterator<_Ty,_Elem,_Traits,_Diff> &,const std::istream_iterator<_Ty,_Elem,_Traits,_Diff> &) noexcept"
C:\Users\admin\Desktop\List-to-do-main\Struct\list to-do\list to-do\func.h(45,19): message : 'bool std::operator ==(const std::istream_iterator<_Ty,_Elem,_Traits,_Diff> &,const std::istream_iterator<_Ty,_Elem,_Traits,_Diff> &) noexcept': не удалось вывести аргумент шаблон для 'const std::istream_iterator<_Ty,_Elem,_Traits,_Diff> &' из 'std::string'
C:\Program Files\Microsoft Visual Studio\2022\Community\VC\Tools\MSVC\14.35.32215\include\xutility(3969,5): message : или       "bool std::operator ==(const std::move_iterator<_Iter> &,const std::move_iterator<_Iter2> &) noexcept(<expr>)"
C:\Users\admin\Desktop\List-to-do-main\Struct\list to-do\list to-do\func.h(45,19): message : 'bool std::operator ==(const std::move_iterator<_Iter> &,const std::move_iterator<_Iter2> &) noexcept(<expr>)': не удалось вывести аргумент шаблон для 'const std::move_iterator<_Iter> &' из 'std::string'
C:\Program Files\Microsoft Visual Studio\2022\Community\VC\Tools\MSVC\14.35.32215\include\xutility(1441,5): message : или       "bool std::operator ==(const std::reverse_iterator<_BidIt> &,const std::reverse_iterator<_BidIt2> &) noexcept(<expr>)"
C:\Users\admin\Desktop\List-to-do-main\Struct\list to-do\list to-do\func.h(45,19): message : 'bool std::operator ==(const std::reverse_iterator<_BidIt> &,const std::reverse_iterator<_BidIt2> &) noexcept(<expr>)': не удалось вывести аргумент шаблон для 'const std::reverse_iterator<_BidIt> &' из 'std::string'
C:\Program Files\Microsoft Visual Studio\2022\Community\VC\Tools\MSVC\14.35.32215\include\utility(367,27): message : или       "bool std::operator ==(const std::pair<_Ty1,_Ty2> &,const std::pair<_Ty1,_Ty2> &)"
C:\Users\admin\Desktop\List-to-do-main\Struct\list to-do\list to-do\func.h(45,19): message : 'bool std::operator ==(const std::pair<_Ty1,_Ty2> &,const std::pair<_Ty1,_Ty2> &)': не удалось вывести аргумент шаблон для 'const std::pair<_Ty1,_Ty2> &' из 'std::string'
C:\Users\admin\Desktop\List-to-do-main\Struct\list to-do\list to-do\list to-do.cpp(37,13): error C2660: editDelo: функция не принимает 0 аргументов
C:\Users\admin\Desktop\List-to-do-main\Struct\list to-do\list to-do\func.h(24,6): message : см. объявление "editDelo"
C:\Users\admin\Desktop\List-to-do-main\Struct\list to-do\list to-do\list to-do.cpp(37,13): message : при попытке сопоставить список аргументов "()"
C:\Users\admin\Desktop\List-to-do-main\Struct\list to-do\list to-do\list to-do.cpp(42,13): error C2660: findDelo: функция не принимает 0 аргументов
C:\Users\admin\Desktop\List-to-do-main\Struct\list to-do\list to-do\func.h(36,5): message : см. объявление "findDelo"
C:\Users\admin\Desktop\List-to-do-main\Struct\list to-do\list to-do\list to-do.cpp(42,13): message : при попытке сопоставить список аргументов "()"
